<?xml version="1.0" encoding="UTF-8"?>
<!-- Generated by org.testng.reporters.JUnitReportReporter -->
<testsuite hostname="DheenatalansAir.fios-router.home" failures="6" tests="47" name="runner.testrunner1" time="83.772" errors="0" timestamp="2024-09-28T23:11:34 EDT" skipped="0">
  <testcase classname="runner.testrunner1" name="runScenario" time="1.227"/>
  <testcase classname="runner.testrunner1" name="runScenario" time="0.537"/>
  <testcase classname="runner.testrunner1" name="runScenario" time="0.554"/>
  <testcase classname="runner.testrunner1" name="runScenario" time="0.517"/>
  <testcase classname="runner.testrunner1" name="runScenario" time="0.504"/>
  <testcase classname="runner.testrunner1" name="runScenario" time="6.196"/>
  <testcase classname="runner.testrunner1" name="runScenario" time="0.529"/>
  <testcase classname="runner.testrunner1" name="runScenario" time="0.572"/>
  <testcase classname="runner.testrunner1" name="runScenario" time="0.518"/>
  <testcase classname="runner.testrunner1" name="runScenario" time="0.955"/>
  <testcase classname="runner.testrunner1" name="runScenario" time="0.526"/>
  <testcase classname="runner.testrunner1" name="runScenario" time="0.743"/>
  <testcase classname="runner.testrunner1" name="runScenario" time="0.536"/>
  <testcase classname="runner.testrunner1" name="runScenario" time="0.172"/>
  <testcase classname="runner.testrunner1" name="runScenario" time="0.571">
    <failure message="The following asserts failed:
	Failure in scenario: empty userid | Expected status code: 400 but got: 404" type="java.lang.AssertionError">
      <![CDATA[java.lang.AssertionError: The following asserts failed:
Failure in scenario: empty userid | Expected status code: 400 but got: 404
at org.testng.asserts.SoftAssert.assertAll(SoftAssert.java:46)
at org.testng.asserts.SoftAssert.assertAll(SoftAssert.java:30)
at stepdefinition.getUserByIDtest.validate_user_and_other_validations_for_scenario_name_as(getUserByIDtest.java:165)
at âœ½.Validate "400" and other user validations for scenario name as "empty userid"(file:///Users/mathumathibalakrishnan/git/userAPI_RestAssured/userAPI_RestAssured/src/test/resources/features/04_getUserByID.feature:17)
]]>
    </failure>
    <system-out>
      <![CDATA[Failure in scenario: empty userid | Expected status code: 400 but got: 404]]>
    </system-out>
  </testcase> <!-- runScenario -->
  <testcase classname="runner.testrunner1" name="runScenario" time="23.595">
    <failure message="The following asserts failed:
	Failure in scenario: valid mandatory | Expected status code: 200 but got: 400 | Error Status: 400 BAD_REQUEST | Error Message: Plot number should contain alphaNumeric values only,
	Failure in scenario: invalid endpoint | Expected status code: 404 but got: 400 | Error Status: 400 BAD_REQUEST | Error Message: Contact number is already in use by another user,
	Failure in scenario: null endpoint | Expected status code: 404 but got: 400 | Error Status: 400 BAD_REQUEST | Error Message: Contact number is already in use by another user,
	Failure in scenario: phoneNumber as duplicate | Expected status code: 409 but got: 400 | Error Status: 400 BAD_REQUEST | Error Message: Contact number is already in use by another user,
	Failure in scenario: email as duplicate | Expected status code: 409 but got: 500 | Error Status: 500,
	Failure in scenario: zipcode as empty | Expected status code: 400 but got: 200,
	Failure in scenario: contentType | Expected status code: 415 but got: 200" type="java.lang.AssertionError">
      <![CDATA[java.lang.AssertionError: The following asserts failed:
Failure in scenario: valid mandatory | Expected status code: 200 but got: 400 | Error Status: 400 BAD_REQUEST | Error Message: Plot number should contain alphaNumeric values only,
Failure in scenario: invalid endpoint | Expected status code: 404 but got: 400 | Error Status: 400 BAD_REQUEST | Error Message: Contact number is already in use by another user,
Failure in scenario: null endpoint | Expected status code: 404 but got: 400 | Error Status: 400 BAD_REQUEST | Error Message: Contact number is already in use by another user,
Failure in scenario: phoneNumber as duplicate | Expected status code: 409 but got: 400 | Error Status: 400 BAD_REQUEST | Error Message: Contact number is already in use by another user,
Failure in scenario: email as duplicate | Expected status code: 409 but got: 500 | Error Status: 500,
Failure in scenario: zipcode as empty | Expected status code: 400 but got: 200,
Failure in scenario: contentType | Expected status code: 415 but got: 200
at org.testng.asserts.SoftAssert.assertAll(SoftAssert.java:46)
at org.testng.asserts.SoftAssert.assertAll(SoftAssert.java:30)
at stepdefinition.updateUsertest.tearDown(updateUsertest.java:305)
]]>
    </failure>
    <system-out>
      <![CDATA[Failure in scenario: valid mandatory | Expected status code: 200 but got: 400 | Error Status: 400 BAD_REQUEST | Error Message: Plot number should contain alphaNumeric values only
Failure in scenario: invalid endpoint | Expected status code: 404 but got: 400 | Error Status: 400 BAD_REQUEST | Error Message: Contact number is already in use by another user
Failure in scenario: null endpoint | Expected status code: 404 but got: 400 | Error Status: 400 BAD_REQUEST | Error Message: Contact number is already in use by another user
Failure in scenario: phoneNumber as duplicate | Expected status code: 409 but got: 400 | Error Status: 400 BAD_REQUEST | Error Message: Contact number is already in use by another user
Failure in scenario: email as duplicate | Expected status code: 409 but got: 500 | Error Status: 500
Failure in scenario: zipcode as empty | Expected status code: 400 but got: 200
Failure in scenario: contentType | Expected status code: 415 but got: 200]]>
    </system-out>
  </testcase> <!-- runScenario -->
  <testcase classname="runner.testrunner1" name="runScenario" time="0.173"/>
  <testcase classname="runner.testrunner1" name="runScenario" time="0.542"/>
  <testcase classname="runner.testrunner1" name="runScenario" time="0.523"/>
  <testcase classname="runner.testrunner1" name="runScenario" time="1.693"/>
  <testcase classname="runner.testrunner1" name="runScenario" time="0.518"/>
  <testcase classname="runner.testrunner1" name="runScenario" time="0.680"/>
  <testcase classname="runner.testrunner1" name="runScenario" time="0.522"/>
  <testcase classname="runner.testrunner1" name="runScenario" time="25.502">
    <failure message="The following asserts failed:
	Failure in scenario: valid all | Expected status code: 201 but got: 409 | Error Status: 409 CONFLICT | Error Message: User already exist with same email id,
	Failure in scenario: valid mandatory | Expected status code: 201 but got: 400 | Error Status: 400 BAD_REQUEST | Error Message: Plot number should contain alphaNumeric values only,
	Failure in scenario: firstname as empty | Expected status code: 400 but got: 409 | Error Status: 409 CONFLICT | Error Message: User already exist with same email id,
	Failure in scenario: firstname as numbers | Expected status code: 400 but got: 409 | Error Status: 409 CONFLICT | Error Message: User already exist with same email id,
	Failure in scenario: firstname as special | Expected status code: 400 but got: 409 | Error Status: 409 CONFLICT | Error Message: User already exist with same email id,
	Failure in scenario: lastname as empty | Expected status code: 400 but got: 409 | Error Status: 409 CONFLICT | Error Message: User already exist with same email id,
	Failure in scenario: lastname as numbers | Expected status code: 400 but got: 409 | Error Status: 409 CONFLICT | Error Message: User already exist with same email id,
	Failure in scenario: lastname as special | Expected status code: 400 but got: 409 | Error Status: 409 CONFLICT | Error Message: User already exist with same email id,
	Failure in scenario: phoneNumber as empty | Expected status code: 400 but got: 409 | Error Status: 409 CONFLICT | Error Message: User already exist with same email id,
	Failure in scenario: phoneNumber as less than 10 | Expected status code: 400 but got: 409 | Error Status: 409 CONFLICT | Error Message: User already exist with same email id,
	Failure in scenario: email as empty | Expected status code: 400 but got: 409 | Error Status: 409 CONFLICT | Error Message: User already exist with same contact number,
	Failure in scenario: email as number | Expected status code: 400 but got: 409 | Error Status: 409 CONFLICT | Error Message: User already exist with same contact number,
	Failure in scenario: email as begin with special | Expected status code: 400 but got: 409 | Error Status: 409 CONFLICT | Error Message: User already exist with same contact number,
	Failure in scenario: email as end with special | Expected status code: 400 but got: 409 | Error Status: 409 CONFLICT | Error Message: User already exist with same contact number,
	Failure in scenario: email as end with period | Expected status code: 400 but got: 409 | Error Status: 409 CONFLICT | Error Message: User already exist with same contact number,
	Failure in scenario: plotnumber as empty | Expected status code: 400 but got: 409 | Error Status: 409 CONFLICT | Error Message: User already exist with same email id,
	Failure in scenario: plotnumber as number | Expected status code: 400 but got: 409 | Error Status: 409 CONFLICT | Error Message: User already exist with same email id,
	Failure in scenario: plotnumber as string | Expected status code: 400 but got: 409 | Error Status: 409 CONFLICT | Error Message: User already exist with same email id,
	Failure in scenario: street as empty | Expected status code: 400 but got: 409 | Error Status: 409 CONFLICT | Error Message: User already exist with same email id,
	Failure in scenario: street as number | Expected status code: 400 but got: 409 | Error Status: 409 CONFLICT | Error Message: User already exist with same email id,
	Failure in scenario: street as special | Expected status code: 400 but got: 409 | Error Status: 409 CONFLICT | Error Message: User already exist with same email id,
	Failure in scenario: state as empty | Expected status code: 400 but got: 409 | Error Status: 409 CONFLICT | Error Message: User already exist with same email id,
	Failure in scenario: state as number | Expected status code: 400 but got: 409 | Error Status: 409 CONFLICT | Error Message: User already exist with same email id,
	Failure in scenario: state as special | Expected status code: 400 but got: 409 | Error Status: 409 CONFLICT | Error Message: User already exist with same email id,
	Failure in scenario: country as empty | Expected status code: 400 but got: 409 | Error Status: 409 CONFLICT | Error Message: User already exist with same email id,
	Failure in scenario: country as number | Expected status code: 400 but got: 409 | Error Status: 409 CONFLICT | Error Message: User already exist with same email id,
	Failure in scenario: country as special | Expected status code: 400 but got: 409 | Error Status: 409 CONFLICT | Error Message: User already exist with same email id,
	Failure in scenario: zipcode as empty | Expected status code: 400 but got: 409 | Error Status: 409 CONFLICT | Error Message: User already exist with same email id,
	Failure in scenario: contentType | Expected status code: 415 but got: 409 | Error Status: 409 CONFLICT | Error Message: User already exist with same email id" type="java.lang.AssertionError">
      <![CDATA[java.lang.AssertionError: The following asserts failed:
Failure in scenario: valid all | Expected status code: 201 but got: 409 | Error Status: 409 CONFLICT | Error Message: User already exist with same email id,
Failure in scenario: valid mandatory | Expected status code: 201 but got: 400 | Error Status: 400 BAD_REQUEST | Error Message: Plot number should contain alphaNumeric values only,
Failure in scenario: firstname as empty | Expected status code: 400 but got: 409 | Error Status: 409 CONFLICT | Error Message: User already exist with same email id,
Failure in scenario: firstname as numbers | Expected status code: 400 but got: 409 | Error Status: 409 CONFLICT | Error Message: User already exist with same email id,
Failure in scenario: firstname as special | Expected status code: 400 but got: 409 | Error Status: 409 CONFLICT | Error Message: User already exist with same email id,
Failure in scenario: lastname as empty | Expected status code: 400 but got: 409 | Error Status: 409 CONFLICT | Error Message: User already exist with same email id,
Failure in scenario: lastname as numbers | Expected status code: 400 but got: 409 | Error Status: 409 CONFLICT | Error Message: User already exist with same email id,
Failure in scenario: lastname as special | Expected status code: 400 but got: 409 | Error Status: 409 CONFLICT | Error Message: User already exist with same email id,
Failure in scenario: phoneNumber as empty | Expected status code: 400 but got: 409 | Error Status: 409 CONFLICT | Error Message: User already exist with same email id,
Failure in scenario: phoneNumber as less than 10 | Expected status code: 400 but got: 409 | Error Status: 409 CONFLICT | Error Message: User already exist with same email id,
Failure in scenario: email as empty | Expected status code: 400 but got: 409 | Error Status: 409 CONFLICT | Error Message: User already exist with same contact number,
Failure in scenario: email as number | Expected status code: 400 but got: 409 | Error Status: 409 CONFLICT | Error Message: User already exist with same contact number,
Failure in scenario: email as begin with special | Expected status code: 400 but got: 409 | Error Status: 409 CONFLICT | Error Message: User already exist with same contact number,
Failure in scenario: email as end with special | Expected status code: 400 but got: 409 | Error Status: 409 CONFLICT | Error Message: User already exist with same contact number,
Failure in scenario: email as end with period | Expected status code: 400 but got: 409 | Error Status: 409 CONFLICT | Error Message: User already exist with same contact number,
Failure in scenario: plotnumber as empty | Expected status code: 400 but got: 409 | Error Status: 409 CONFLICT | Error Message: User already exist with same email id,
Failure in scenario: plotnumber as number | Expected status code: 400 but got: 409 | Error Status: 409 CONFLICT | Error Message: User already exist with same email id,
Failure in scenario: plotnumber as string | Expected status code: 400 but got: 409 | Error Status: 409 CONFLICT | Error Message: User already exist with same email id,
Failure in scenario: street as empty | Expected status code: 400 but got: 409 | Error Status: 409 CONFLICT | Error Message: User already exist with same email id,
Failure in scenario: street as number | Expected status code: 400 but got: 409 | Error Status: 409 CONFLICT | Error Message: User already exist with same email id,
Failure in scenario: street as special | Expected status code: 400 but got: 409 | Error Status: 409 CONFLICT | Error Message: User already exist with same email id,
Failure in scenario: state as empty | Expected status code: 400 but got: 409 | Error Status: 409 CONFLICT | Error Message: User already exist with same email id,
Failure in scenario: state as number | Expected status code: 400 but got: 409 | Error Status: 409 CONFLICT | Error Message: User already exist with same email id,
Failure in scenario: state as special | Expected status code: 400 but got: 409 | Error Status: 409 CONFLICT | Error Message: User already exist with same email id,
Failure in scenario: country as empty | Expected status code: 400 but got: 409 | Error Status: 409 CONFLICT | Error Message: User already exist with same email id,
Failure in scenario: country as number | Expected status code: 400 but got: 409 | Error Status: 409 CONFLICT | Error Message: User already exist with same email id,
Failure in scenario: country as special | Expected status code: 400 but got: 409 | Error Status: 409 CONFLICT | Error Message: User already exist with same email id,
Failure in scenario: zipcode as empty | Expected status code: 400 but got: 409 | Error Status: 409 CONFLICT | Error Message: User already exist with same email id,
Failure in scenario: contentType | Expected status code: 415 but got: 409 | Error Status: 409 CONFLICT | Error Message: User already exist with same email id
at org.testng.asserts.SoftAssert.assertAll(SoftAssert.java:46)
at org.testng.asserts.SoftAssert.assertAll(SoftAssert.java:30)
at stepdefinition.createUsertest.tearDown(createUsertest.java:231)
]]>
    </failure>
    <system-out>
      <![CDATA[Failure in scenario: valid all | Expected status code: 201 but got: 409 | Error Status: 409 CONFLICT | Error Message: User already exist with same email id
Failure in scenario: valid mandatory | Expected status code: 201 but got: 400 | Error Status: 400 BAD_REQUEST | Error Message: Plot number should contain alphaNumeric values only
Failure in scenario: firstname as empty | Expected status code: 400 but got: 409 | Error Status: 409 CONFLICT | Error Message: User already exist with same email id
Failure in scenario: firstname as numbers | Expected status code: 400 but got: 409 | Error Status: 409 CONFLICT | Error Message: User already exist with same email id
Failure in scenario: firstname as special | Expected status code: 400 but got: 409 | Error Status: 409 CONFLICT | Error Message: User already exist with same email id
Failure in scenario: lastname as empty | Expected status code: 400 but got: 409 | Error Status: 409 CONFLICT | Error Message: User already exist with same email id
Failure in scenario: lastname as numbers | Expected status code: 400 but got: 409 | Error Status: 409 CONFLICT | Error Message: User already exist with same email id
Failure in scenario: lastname as special | Expected status code: 400 but got: 409 | Error Status: 409 CONFLICT | Error Message: User already exist with same email id
Failure in scenario: phoneNumber as empty | Expected status code: 400 but got: 409 | Error Status: 409 CONFLICT | Error Message: User already exist with same email id
Failure in scenario: phoneNumber as less than 10 | Expected status code: 400 but got: 409 | Error Status: 409 CONFLICT | Error Message: User already exist with same email id
Failure in scenario: email as empty | Expected status code: 400 but got: 409 | Error Status: 409 CONFLICT | Error Message: User already exist with same contact number
Failure in scenario: email as number | Expected status code: 400 but got: 409 | Error Status: 409 CONFLICT | Error Message: User already exist with same contact number
Failure in scenario: email as begin with special | Expected status code: 400 but got: 409 | Error Status: 409 CONFLICT | Error Message: User already exist with same contact number
Failure in scenario: email as end with special | Expected status code: 400 but got: 409 | Error Status: 409 CONFLICT | Error Message: User already exist with same contact number
Failure in scenario: email as end with period | Expected status code: 400 but got: 409 | Error Status: 409 CONFLICT | Error Message: User already exist with same contact number
Failure in scenario: plotnumber as empty | Expected status code: 400 but got: 409 | Error Status: 409 CONFLICT | Error Message: User already exist with same email id
Failure in scenario: plotnumber as number | Expected status code: 400 but got: 409 | Error Status: 409 CONFLICT | Error Message: User already exist with same email id
Failure in scenario: plotnumber as string | Expected status code: 400 but got: 409 | Error Status: 409 CONFLICT | Error Message: User already exist with same email id
Failure in scenario: street as empty | Expected status code: 400 but got: 409 | Error Status: 409 CONFLICT | Error Message: User already exist with same email id
Failure in scenario: street as number | Expected status code: 400 but got: 409 | Error Status: 409 CONFLICT | Error Message: User already exist with same email id
Failure in scenario: street as special | Expected status code: 400 but got: 409 | Error Status: 409 CONFLICT | Error Message: User already exist with same email id
Failure in scenario: state as empty | Expected status code: 400 but got: 409 | Error Status: 409 CONFLICT | Error Message: User already exist with same email id
Failure in scenario: state as number | Expected status code: 400 but got: 409 | Error Status: 409 CONFLICT | Error Message: User already exist with same email id
Failure in scenario: state as special | Expected status code: 400 but got: 409 | Error Status: 409 CONFLICT | Error Message: User already exist with same email id
Failure in scenario: country as empty | Expected status code: 400 but got: 409 | Error Status: 409 CONFLICT | Error Message: User already exist with same email id
Failure in scenario: country as number | Expected status code: 400 but got: 409 | Error Status: 409 CONFLICT | Error Message: User already exist with same email id
Failure in scenario: country as special | Expected status code: 400 but got: 409 | Error Status: 409 CONFLICT | Error Message: User already exist with same email id
Failure in scenario: zipcode as empty | Expected status code: 400 but got: 409 | Error Status: 409 CONFLICT | Error Message: User already exist with same email id
Failure in scenario: contentType | Expected status code: 415 but got: 409 | Error Status: 409 CONFLICT | Error Message: User already exist with same email id]]>
    </system-out>
  </testcase> <!-- runScenario -->
  <testcase classname="runner.testrunner1" name="runScenario" time="1.436"/>
  <testcase classname="runner.testrunner1" name="runScenario" time="0.557"/>
  <testcase classname="runner.testrunner1" name="runScenario" time="0.746"/>
  <testcase classname="runner.testrunner1" name="runScenario" time="0.543"/>
  <testcase classname="runner.testrunner1" name="runScenario" time="0.525"/>
  <testcase classname="runner.testrunner1" name="runScenario" time="0.574">
    <failure message="The following asserts failed:
	Failure in scenario: empty firstName | Expected status code: 400 but got: 404" type="java.lang.AssertionError">
      <![CDATA[java.lang.AssertionError: The following asserts failed:
Failure in scenario: empty firstName | Expected status code: 400 but got: 404
at org.testng.asserts.SoftAssert.assertAll(SoftAssert.java:46)
at org.testng.asserts.SoftAssert.assertAll(SoftAssert.java:30)
at stepdefinition.getUserByFirstName.validate_user_and_user_validations_for_get_request_as(getUserByFirstName.java:164)
at âœ½.Validate "400" and user validations for get request as "empty firstName"(file:///Users/mathumathibalakrishnan/git/userAPI_RestAssured/userAPI_RestAssured/src/test/resources/features/06_getUserByFirstName.feature:17)
]]>
    </failure>
    <system-out>
      <![CDATA[Failure in scenario: empty firstName | Expected status code: 400 but got: 404]]>
    </system-out>
  </testcase> <!-- runScenario -->
  <testcase classname="runner.testrunner1" name="runScenario" time="0.655">
    <failure message="The following asserts failed:
	Failure in scenario: empty userid | Expected status code: 400 but got: 404" type="java.lang.AssertionError">
      <![CDATA[java.lang.AssertionError: The following asserts failed:
Failure in scenario: empty userid | Expected status code: 400 but got: 404
at org.testng.asserts.SoftAssert.assertAll(SoftAssert.java:46)
at org.testng.asserts.SoftAssert.assertAll(SoftAssert.java:30)
at stepdefinition.deletUsertest.validate_and_other_data_validations(deletUsertest.java:168)
at âœ½.Validate "400" and other data validations for scenario name as "empty userid"(file:///Users/mathumathibalakrishnan/git/userAPI_RestAssured/userAPI_RestAssured/src/test/resources/features/07_deleteUserByID.feature:17)
]]>
    </failure>
    <system-out>
      <![CDATA[Failure in scenario: empty userid | Expected status code: 400 but got: 404]]>
    </system-out>
  </testcase> <!-- runScenario -->
  <testcase classname="runner.testrunner1" name="runScenario" time="0.508"/>
  <testcase classname="runner.testrunner1" name="runScenario" time="0.591"/>
  <testcase classname="runner.testrunner1" name="runScenario" time="0.544"/>
  <testcase classname="runner.testrunner1" name="runScenario" time="0.504"/>
  <testcase classname="runner.testrunner1" name="runScenario" time="0.673"/>
  <testcase classname="runner.testrunner1" name="runScenario" time="0.514">
    <failure message="The following asserts failed:
	Failure in scenario: firstName in integer | Expected status code: 400 but got: 404" type="java.lang.AssertionError">
      <![CDATA[java.lang.AssertionError: The following asserts failed:
Failure in scenario: firstName in integer | Expected status code: 400 but got: 404
at org.testng.asserts.SoftAssert.assertAll(SoftAssert.java:46)
at org.testng.asserts.SoftAssert.assertAll(SoftAssert.java:30)
at stepdefinition.getUserByFirstName.validate_user_and_user_validations_for_get_request_as(getUserByFirstName.java:164)
at âœ½.Validate "400" and user validations for get request as "firstName in integer"(file:///Users/mathumathibalakrishnan/git/userAPI_RestAssured/userAPI_RestAssured/src/test/resources/features/06_getUserByFirstName.feature:17)
]]>
    </failure>
    <system-out>
      <![CDATA[Failure in scenario: firstName in integer | Expected status code: 400 but got: 404]]>
    </system-out>
  </testcase> <!-- runScenario -->
  <testcase classname="runner.testrunner1" name="runScenario" time="2.282"/>
  <testcase classname="runner.testrunner1" name="runScenario" time="0.693"/>
  <testcase classname="runner.testrunner1" name="runScenario" time="0.571"/>
  <testcase classname="runner.testrunner1" name="runScenario" time="0.198"/>
  <testcase classname="runner.testrunner1" name="runScenario" time="0.307"/>
  <testcase classname="runner.testrunner1" name="runScenario" time="0.588"/>
  <testcase classname="runner.testrunner1" name="runScenario" time="0.536"/>
  <testcase classname="runner.testrunner1" name="runScenario" time="0.559"/>
  <testcase classname="runner.testrunner1" name="runScenario" time="0.589"/>
  <testcase classname="runner.testrunner1" name="runScenario" time="0.674"/>
  <system-out>
    <![CDATA[Failure in scenario: valid all | Expected status code: 201 but got: 409 | Error Status: 409 CONFLICT | Error Message: User already exist with same email id
Failure in scenario: valid mandatory | Expected status code: 201 but got: 400 | Error Status: 400 BAD_REQUEST | Error Message: Plot number should contain alphaNumeric values only
Failure in scenario: firstname as empty | Expected status code: 400 but got: 409 | Error Status: 409 CONFLICT | Error Message: User already exist with same email id
Failure in scenario: firstname as numbers | Expected status code: 400 but got: 409 | Error Status: 409 CONFLICT | Error Message: User already exist with same email id
Failure in scenario: firstname as special | Expected status code: 400 but got: 409 | Error Status: 409 CONFLICT | Error Message: User already exist with same email id
Failure in scenario: lastname as empty | Expected status code: 400 but got: 409 | Error Status: 409 CONFLICT | Error Message: User already exist with same email id
Failure in scenario: lastname as numbers | Expected status code: 400 but got: 409 | Error Status: 409 CONFLICT | Error Message: User already exist with same email id
Failure in scenario: lastname as special | Expected status code: 400 but got: 409 | Error Status: 409 CONFLICT | Error Message: User already exist with same email id
Failure in scenario: phoneNumber as empty | Expected status code: 400 but got: 409 | Error Status: 409 CONFLICT | Error Message: User already exist with same email id
Failure in scenario: phoneNumber as less than 10 | Expected status code: 400 but got: 409 | Error Status: 409 CONFLICT | Error Message: User already exist with same email id
Failure in scenario: email as empty | Expected status code: 400 but got: 409 | Error Status: 409 CONFLICT | Error Message: User already exist with same contact number
Failure in scenario: email as number | Expected status code: 400 but got: 409 | Error Status: 409 CONFLICT | Error Message: User already exist with same contact number
Failure in scenario: email as begin with special | Expected status code: 400 but got: 409 | Error Status: 409 CONFLICT | Error Message: User already exist with same contact number
Failure in scenario: email as end with special | Expected status code: 400 but got: 409 | Error Status: 409 CONFLICT | Error Message: User already exist with same contact number
Failure in scenario: email as end with period | Expected status code: 400 but got: 409 | Error Status: 409 CONFLICT | Error Message: User already exist with same contact number
Failure in scenario: plotnumber as empty | Expected status code: 400 but got: 409 | Error Status: 409 CONFLICT | Error Message: User already exist with same email id
Failure in scenario: plotnumber as number | Expected status code: 400 but got: 409 | Error Status: 409 CONFLICT | Error Message: User already exist with same email id
Failure in scenario: plotnumber as string | Expected status code: 400 but got: 409 | Error Status: 409 CONFLICT | Error Message: User already exist with same email id
Failure in scenario: street as empty | Expected status code: 400 but got: 409 | Error Status: 409 CONFLICT | Error Message: User already exist with same email id
Failure in scenario: street as number | Expected status code: 400 but got: 409 | Error Status: 409 CONFLICT | Error Message: User already exist with same email id
Failure in scenario: street as special | Expected status code: 400 but got: 409 | Error Status: 409 CONFLICT | Error Message: User already exist with same email id
Failure in scenario: state as empty | Expected status code: 400 but got: 409 | Error Status: 409 CONFLICT | Error Message: User already exist with same email id
Failure in scenario: state as number | Expected status code: 400 but got: 409 | Error Status: 409 CONFLICT | Error Message: User already exist with same email id
Failure in scenario: state as special | Expected status code: 400 but got: 409 | Error Status: 409 CONFLICT | Error Message: User already exist with same email id
Failure in scenario: country as empty | Expected status code: 400 but got: 409 | Error Status: 409 CONFLICT | Error Message: User already exist with same email id
Failure in scenario: country as number | Expected status code: 400 but got: 409 | Error Status: 409 CONFLICT | Error Message: User already exist with same email id
Failure in scenario: country as special | Expected status code: 400 but got: 409 | Error Status: 409 CONFLICT | Error Message: User already exist with same email id
Failure in scenario: zipcode as empty | Expected status code: 400 but got: 409 | Error Status: 409 CONFLICT | Error Message: User already exist with same email id
Failure in scenario: contentType | Expected status code: 415 but got: 409 | Error Status: 409 CONFLICT | Error Message: User already exist with same email id
Failure in scenario: empty userid | Expected status code: 400 but got: 404
Failure in scenario: valid mandatory | Expected status code: 200 but got: 400 | Error Status: 400 BAD_REQUEST | Error Message: Plot number should contain alphaNumeric values only
Failure in scenario: invalid endpoint | Expected status code: 404 but got: 400 | Error Status: 400 BAD_REQUEST | Error Message: Contact number is already in use by another user
Failure in scenario: null endpoint | Expected status code: 404 but got: 400 | Error Status: 400 BAD_REQUEST | Error Message: Contact number is already in use by another user
Failure in scenario: phoneNumber as duplicate | Expected status code: 409 but got: 400 | Error Status: 400 BAD_REQUEST | Error Message: Contact number is already in use by another user
Failure in scenario: email as duplicate | Expected status code: 409 but got: 500 | Error Status: 500
Failure in scenario: zipcode as empty | Expected status code: 400 but got: 200
Failure in scenario: contentType | Expected status code: 415 but got: 200
Failure in scenario: firstName in integer | Expected status code: 400 but got: 404
Failure in scenario: empty firstName | Expected status code: 400 but got: 404
Failure in scenario: empty userid | Expected status code: 400 but got: 404]]>
  </system-out>
</testsuite> <!-- runner.testrunner1 -->
