<?xml version="1.0" encoding="UTF-8"?>
<!-- Generated by org.testng.reporters.JUnitReportReporter -->
<testsuite hostname="DheenatalansAir.fios-router.home" failures="1" tests="1" name="runner.testrunner1" time="29.411" errors="0" timestamp="2024-09-27T14:42:31 EDT" skipped="0">
  <testcase classname="runner.testrunner1" name="runScenario" time="29.411">
    <failure message="The following asserts failed:
	Failure in scenario: valid all | Expected status code: 201 but got: 409 | Error Status: 409 CONFLICT | Error Message: User already exist with same email id,
	Failure in scenario: valid mandatory | Expected status code: 201 but got: 400 | Error Status: 400 BAD_REQUEST | Error Message: Plot number should contain alphaNumeric values only,
	Failure in scenario: firstname as empty | Expected status code: 400 but got: 409 | Error Status: 409 CONFLICT | Error Message: User already exist with same email id,
	Failure in scenario: firstname as numbers | Expected status code: 400 but got: 409 | Error Status: 409 CONFLICT | Error Message: User already exist with same email id,
	Failure in scenario: firstname as special | Expected status code: 400 but got: 409 | Error Status: 409 CONFLICT | Error Message: User already exist with same email id,
	Failure in scenario: lastname as empty | Expected status code: 400 but got: 409 | Error Status: 409 CONFLICT | Error Message: User already exist with same email id,
	Failure in scenario: lastname as numbers | Expected status code: 400 but got: 409 | Error Status: 409 CONFLICT | Error Message: User already exist with same email id,
	Failure in scenario: lastname as special | Expected status code: 400 but got: 409 | Error Status: 409 CONFLICT | Error Message: User already exist with same email id,
	Failure in scenario: phoneNumber as empty | Expected status code: 400 but got: 409 | Error Status: 409 CONFLICT | Error Message: User already exist with same email id,
	Failure in scenario: phoneNumber as less than 10 | Expected status code: 400 but got: 409 | Error Status: 409 CONFLICT | Error Message: User already exist with same email id,
	Failure in scenario: email as empty | Expected status code: 400 but got: 409 | Error Status: 409 CONFLICT | Error Message: User already exist with same contact number,
	Failure in scenario: email as number | Expected status code: 400 but got: 409 | Error Status: 409 CONFLICT | Error Message: User already exist with same contact number,
	Failure in scenario: email as begin with special | Expected status code: 400 but got: 409 | Error Status: 409 CONFLICT | Error Message: User already exist with same contact number,
	Failure in scenario: email as end with special | Expected status code: 400 but got: 409 | Error Status: 409 CONFLICT | Error Message: User already exist with same contact number,
	Failure in scenario: email as end with period | Expected status code: 400 but got: 409 | Error Status: 409 CONFLICT | Error Message: User already exist with same contact number,
	Failure in scenario: plotnumber as empty | Expected status code: 400 but got: 409 | Error Status: 409 CONFLICT | Error Message: User already exist with same email id,
	Failure in scenario: plotnumber as number | Expected status code: 400 but got: 409 | Error Status: 409 CONFLICT | Error Message: User already exist with same email id,
	Failure in scenario: plotnumber as string | Expected status code: 400 but got: 409 | Error Status: 409 CONFLICT | Error Message: User already exist with same email id,
	Failure in scenario: street as empty | Expected status code: 400 but got: 409 | Error Status: 409 CONFLICT | Error Message: User already exist with same email id,
	Failure in scenario: street as number | Expected status code: 400 but got: 409 | Error Status: 409 CONFLICT | Error Message: User already exist with same email id,
	Failure in scenario: street as special | Expected status code: 400 but got: 409 | Error Status: 409 CONFLICT | Error Message: User already exist with same email id,
	Failure in scenario: state as empty | Expected status code: 400 but got: 409 | Error Status: 409 CONFLICT | Error Message: User already exist with same email id,
	Failure in scenario: state as number | Expected status code: 400 but got: 409 | Error Status: 409 CONFLICT | Error Message: User already exist with same email id,
	Failure in scenario: state as special | Expected status code: 400 but got: 409 | Error Status: 409 CONFLICT | Error Message: User already exist with same email id,
	Failure in scenario: country as empty | Expected status code: 400 but got: 409 | Error Status: 409 CONFLICT | Error Message: User already exist with same email id,
	Failure in scenario: country as number | Expected status code: 400 but got: 409 | Error Status: 409 CONFLICT | Error Message: User already exist with same email id,
	Failure in scenario: country as special | Expected status code: 400 but got: 409 | Error Status: 409 CONFLICT | Error Message: User already exist with same email id,
	Failure in scenario: zipcode as empty | Expected status code: 400 but got: 409 | Error Status: 409 CONFLICT | Error Message: User already exist with same email id,
	Failure in scenario: contentType | Expected status code: 415 but got: 409 | Error Status: 409 CONFLICT | Error Message: User already exist with same email id" type="java.lang.AssertionError">
      <![CDATA[java.lang.AssertionError: The following asserts failed:
Failure in scenario: valid all | Expected status code: 201 but got: 409 | Error Status: 409 CONFLICT | Error Message: User already exist with same email id,
Failure in scenario: valid mandatory | Expected status code: 201 but got: 400 | Error Status: 400 BAD_REQUEST | Error Message: Plot number should contain alphaNumeric values only,
Failure in scenario: firstname as empty | Expected status code: 400 but got: 409 | Error Status: 409 CONFLICT | Error Message: User already exist with same email id,
Failure in scenario: firstname as numbers | Expected status code: 400 but got: 409 | Error Status: 409 CONFLICT | Error Message: User already exist with same email id,
Failure in scenario: firstname as special | Expected status code: 400 but got: 409 | Error Status: 409 CONFLICT | Error Message: User already exist with same email id,
Failure in scenario: lastname as empty | Expected status code: 400 but got: 409 | Error Status: 409 CONFLICT | Error Message: User already exist with same email id,
Failure in scenario: lastname as numbers | Expected status code: 400 but got: 409 | Error Status: 409 CONFLICT | Error Message: User already exist with same email id,
Failure in scenario: lastname as special | Expected status code: 400 but got: 409 | Error Status: 409 CONFLICT | Error Message: User already exist with same email id,
Failure in scenario: phoneNumber as empty | Expected status code: 400 but got: 409 | Error Status: 409 CONFLICT | Error Message: User already exist with same email id,
Failure in scenario: phoneNumber as less than 10 | Expected status code: 400 but got: 409 | Error Status: 409 CONFLICT | Error Message: User already exist with same email id,
Failure in scenario: email as empty | Expected status code: 400 but got: 409 | Error Status: 409 CONFLICT | Error Message: User already exist with same contact number,
Failure in scenario: email as number | Expected status code: 400 but got: 409 | Error Status: 409 CONFLICT | Error Message: User already exist with same contact number,
Failure in scenario: email as begin with special | Expected status code: 400 but got: 409 | Error Status: 409 CONFLICT | Error Message: User already exist with same contact number,
Failure in scenario: email as end with special | Expected status code: 400 but got: 409 | Error Status: 409 CONFLICT | Error Message: User already exist with same contact number,
Failure in scenario: email as end with period | Expected status code: 400 but got: 409 | Error Status: 409 CONFLICT | Error Message: User already exist with same contact number,
Failure in scenario: plotnumber as empty | Expected status code: 400 but got: 409 | Error Status: 409 CONFLICT | Error Message: User already exist with same email id,
Failure in scenario: plotnumber as number | Expected status code: 400 but got: 409 | Error Status: 409 CONFLICT | Error Message: User already exist with same email id,
Failure in scenario: plotnumber as string | Expected status code: 400 but got: 409 | Error Status: 409 CONFLICT | Error Message: User already exist with same email id,
Failure in scenario: street as empty | Expected status code: 400 but got: 409 | Error Status: 409 CONFLICT | Error Message: User already exist with same email id,
Failure in scenario: street as number | Expected status code: 400 but got: 409 | Error Status: 409 CONFLICT | Error Message: User already exist with same email id,
Failure in scenario: street as special | Expected status code: 400 but got: 409 | Error Status: 409 CONFLICT | Error Message: User already exist with same email id,
Failure in scenario: state as empty | Expected status code: 400 but got: 409 | Error Status: 409 CONFLICT | Error Message: User already exist with same email id,
Failure in scenario: state as number | Expected status code: 400 but got: 409 | Error Status: 409 CONFLICT | Error Message: User already exist with same email id,
Failure in scenario: state as special | Expected status code: 400 but got: 409 | Error Status: 409 CONFLICT | Error Message: User already exist with same email id,
Failure in scenario: country as empty | Expected status code: 400 but got: 409 | Error Status: 409 CONFLICT | Error Message: User already exist with same email id,
Failure in scenario: country as number | Expected status code: 400 but got: 409 | Error Status: 409 CONFLICT | Error Message: User already exist with same email id,
Failure in scenario: country as special | Expected status code: 400 but got: 409 | Error Status: 409 CONFLICT | Error Message: User already exist with same email id,
Failure in scenario: zipcode as empty | Expected status code: 400 but got: 409 | Error Status: 409 CONFLICT | Error Message: User already exist with same email id,
Failure in scenario: contentType | Expected status code: 415 but got: 409 | Error Status: 409 CONFLICT | Error Message: User already exist with same email id
at org.testng.asserts.SoftAssert.assertAll(SoftAssert.java:46)
at org.testng.asserts.SoftAssert.assertAll(SoftAssert.java:30)
at stepdefinition.createUsertest.tearDown(createUsertest.java:215)
]]>
    </failure>
    <system-out>
      <![CDATA[Failure in scenario: valid all | Expected status code: 201 but got: 409 | Error Status: 409 CONFLICT | Error Message: User already exist with same email id
Failure in scenario: valid mandatory | Expected status code: 201 but got: 400 | Error Status: 400 BAD_REQUEST | Error Message: Plot number should contain alphaNumeric values only
Failure in scenario: firstname as empty | Expected status code: 400 but got: 409 | Error Status: 409 CONFLICT | Error Message: User already exist with same email id
Failure in scenario: firstname as numbers | Expected status code: 400 but got: 409 | Error Status: 409 CONFLICT | Error Message: User already exist with same email id
Failure in scenario: firstname as special | Expected status code: 400 but got: 409 | Error Status: 409 CONFLICT | Error Message: User already exist with same email id
Failure in scenario: lastname as empty | Expected status code: 400 but got: 409 | Error Status: 409 CONFLICT | Error Message: User already exist with same email id
Failure in scenario: lastname as numbers | Expected status code: 400 but got: 409 | Error Status: 409 CONFLICT | Error Message: User already exist with same email id
Failure in scenario: lastname as special | Expected status code: 400 but got: 409 | Error Status: 409 CONFLICT | Error Message: User already exist with same email id
Failure in scenario: phoneNumber as empty | Expected status code: 400 but got: 409 | Error Status: 409 CONFLICT | Error Message: User already exist with same email id
Failure in scenario: phoneNumber as less than 10 | Expected status code: 400 but got: 409 | Error Status: 409 CONFLICT | Error Message: User already exist with same email id
Failure in scenario: email as empty | Expected status code: 400 but got: 409 | Error Status: 409 CONFLICT | Error Message: User already exist with same contact number
Failure in scenario: email as number | Expected status code: 400 but got: 409 | Error Status: 409 CONFLICT | Error Message: User already exist with same contact number
Failure in scenario: email as begin with special | Expected status code: 400 but got: 409 | Error Status: 409 CONFLICT | Error Message: User already exist with same contact number
Failure in scenario: email as end with special | Expected status code: 400 but got: 409 | Error Status: 409 CONFLICT | Error Message: User already exist with same contact number
Failure in scenario: email as end with period | Expected status code: 400 but got: 409 | Error Status: 409 CONFLICT | Error Message: User already exist with same contact number
Failure in scenario: plotnumber as empty | Expected status code: 400 but got: 409 | Error Status: 409 CONFLICT | Error Message: User already exist with same email id
Failure in scenario: plotnumber as number | Expected status code: 400 but got: 409 | Error Status: 409 CONFLICT | Error Message: User already exist with same email id
Failure in scenario: plotnumber as string | Expected status code: 400 but got: 409 | Error Status: 409 CONFLICT | Error Message: User already exist with same email id
Failure in scenario: street as empty | Expected status code: 400 but got: 409 | Error Status: 409 CONFLICT | Error Message: User already exist with same email id
Failure in scenario: street as number | Expected status code: 400 but got: 409 | Error Status: 409 CONFLICT | Error Message: User already exist with same email id
Failure in scenario: street as special | Expected status code: 400 but got: 409 | Error Status: 409 CONFLICT | Error Message: User already exist with same email id
Failure in scenario: state as empty | Expected status code: 400 but got: 409 | Error Status: 409 CONFLICT | Error Message: User already exist with same email id
Failure in scenario: state as number | Expected status code: 400 but got: 409 | Error Status: 409 CONFLICT | Error Message: User already exist with same email id
Failure in scenario: state as special | Expected status code: 400 but got: 409 | Error Status: 409 CONFLICT | Error Message: User already exist with same email id
Failure in scenario: country as empty | Expected status code: 400 but got: 409 | Error Status: 409 CONFLICT | Error Message: User already exist with same email id
Failure in scenario: country as number | Expected status code: 400 but got: 409 | Error Status: 409 CONFLICT | Error Message: User already exist with same email id
Failure in scenario: country as special | Expected status code: 400 but got: 409 | Error Status: 409 CONFLICT | Error Message: User already exist with same email id
Failure in scenario: zipcode as empty | Expected status code: 400 but got: 409 | Error Status: 409 CONFLICT | Error Message: User already exist with same email id
Failure in scenario: contentType | Expected status code: 415 but got: 409 | Error Status: 409 CONFLICT | Error Message: User already exist with same email id]]>
    </system-out>
  </testcase> <!-- runScenario -->
  <system-out>
    <![CDATA[Failure in scenario: valid all | Expected status code: 201 but got: 409 | Error Status: 409 CONFLICT | Error Message: User already exist with same email id
Failure in scenario: valid mandatory | Expected status code: 201 but got: 400 | Error Status: 400 BAD_REQUEST | Error Message: Plot number should contain alphaNumeric values only
Failure in scenario: firstname as empty | Expected status code: 400 but got: 409 | Error Status: 409 CONFLICT | Error Message: User already exist with same email id
Failure in scenario: firstname as numbers | Expected status code: 400 but got: 409 | Error Status: 409 CONFLICT | Error Message: User already exist with same email id
Failure in scenario: firstname as special | Expected status code: 400 but got: 409 | Error Status: 409 CONFLICT | Error Message: User already exist with same email id
Failure in scenario: lastname as empty | Expected status code: 400 but got: 409 | Error Status: 409 CONFLICT | Error Message: User already exist with same email id
Failure in scenario: lastname as numbers | Expected status code: 400 but got: 409 | Error Status: 409 CONFLICT | Error Message: User already exist with same email id
Failure in scenario: lastname as special | Expected status code: 400 but got: 409 | Error Status: 409 CONFLICT | Error Message: User already exist with same email id
Failure in scenario: phoneNumber as empty | Expected status code: 400 but got: 409 | Error Status: 409 CONFLICT | Error Message: User already exist with same email id
Failure in scenario: phoneNumber as less than 10 | Expected status code: 400 but got: 409 | Error Status: 409 CONFLICT | Error Message: User already exist with same email id
Failure in scenario: email as empty | Expected status code: 400 but got: 409 | Error Status: 409 CONFLICT | Error Message: User already exist with same contact number
Failure in scenario: email as number | Expected status code: 400 but got: 409 | Error Status: 409 CONFLICT | Error Message: User already exist with same contact number
Failure in scenario: email as begin with special | Expected status code: 400 but got: 409 | Error Status: 409 CONFLICT | Error Message: User already exist with same contact number
Failure in scenario: email as end with special | Expected status code: 400 but got: 409 | Error Status: 409 CONFLICT | Error Message: User already exist with same contact number
Failure in scenario: email as end with period | Expected status code: 400 but got: 409 | Error Status: 409 CONFLICT | Error Message: User already exist with same contact number
Failure in scenario: plotnumber as empty | Expected status code: 400 but got: 409 | Error Status: 409 CONFLICT | Error Message: User already exist with same email id
Failure in scenario: plotnumber as number | Expected status code: 400 but got: 409 | Error Status: 409 CONFLICT | Error Message: User already exist with same email id
Failure in scenario: plotnumber as string | Expected status code: 400 but got: 409 | Error Status: 409 CONFLICT | Error Message: User already exist with same email id
Failure in scenario: street as empty | Expected status code: 400 but got: 409 | Error Status: 409 CONFLICT | Error Message: User already exist with same email id
Failure in scenario: street as number | Expected status code: 400 but got: 409 | Error Status: 409 CONFLICT | Error Message: User already exist with same email id
Failure in scenario: street as special | Expected status code: 400 but got: 409 | Error Status: 409 CONFLICT | Error Message: User already exist with same email id
Failure in scenario: state as empty | Expected status code: 400 but got: 409 | Error Status: 409 CONFLICT | Error Message: User already exist with same email id
Failure in scenario: state as number | Expected status code: 400 but got: 409 | Error Status: 409 CONFLICT | Error Message: User already exist with same email id
Failure in scenario: state as special | Expected status code: 400 but got: 409 | Error Status: 409 CONFLICT | Error Message: User already exist with same email id
Failure in scenario: country as empty | Expected status code: 400 but got: 409 | Error Status: 409 CONFLICT | Error Message: User already exist with same email id
Failure in scenario: country as number | Expected status code: 400 but got: 409 | Error Status: 409 CONFLICT | Error Message: User already exist with same email id
Failure in scenario: country as special | Expected status code: 400 but got: 409 | Error Status: 409 CONFLICT | Error Message: User already exist with same email id
Failure in scenario: zipcode as empty | Expected status code: 400 but got: 409 | Error Status: 409 CONFLICT | Error Message: User already exist with same email id
Failure in scenario: contentType | Expected status code: 415 but got: 409 | Error Status: 409 CONFLICT | Error Message: User already exist with same email id]]>
  </system-out>
</testsuite> <!-- runner.testrunner1 -->
